-------------------------------------------------------------------------------
Test set: com.example.demo.Testapp5ApplicationTests
-------------------------------------------------------------------------------
Tests run: 1, Failures: 0, Errors: 1, Skipped: 0, Time elapsed: 0.503 s <<< FAILURE! - in com.example.demo.Testapp5ApplicationTests
com.example.demo.Testapp5ApplicationTests  Time elapsed: 0.501 s  <<< ERROR!
java.lang.IllegalStateException: Unable to find a @SpringBootConfiguration, you need to use @ContextConfiguration or @SpringBootTest(classes=...) with your test

